<?xml version="1.0" encoding="UTF-8"?>
<testng-results ignored="0" total="7" passed="6" failed="1" skipped="0">
  <reporter-output>
  </reporter-output>
  <suite started-at="2023-10-09T20:45:06 IST" name="Default suite" finished-at="2023-10-09T20:45:24 IST" duration-ms="17481">
    <groups>
    </groups>
    <test started-at="2023-10-09T20:45:06 IST" name="Default test" finished-at="2023-10-09T20:45:24 IST" duration-ms="17481">
      <class name="com.luma.tests.HomeTest">
        <test-method is-config="true" signature="setUp()[pri:0, instance:com.luma.tests.HomeTest@75d3a5e0]" started-at="2023-10-09T20:45:06 IST" name="setUp" finished-at="2023-10-09T20:45:19 IST" duration-ms="12795" status="PASS">
          <reporter-output>
          </reporter-output>
        </test-method> <!-- setUp -->
        <test-method signature="testCompanyLogo()[pri:1, instance:com.luma.tests.HomeTest@75d3a5e0]" started-at="2023-10-09T20:45:19 IST" name="testCompanyLogo" finished-at="2023-10-09T20:45:19 IST" duration-ms="82" status="PASS">
          <reporter-output>
          </reporter-output>
        </test-method> <!-- testCompanyLogo -->
        <test-method signature="testShoppingCart()[pri:2, instance:com.luma.tests.HomeTest@75d3a5e0]" started-at="2023-10-09T20:45:19 IST" name="testShoppingCart" finished-at="2023-10-09T20:45:19 IST" duration-ms="60" status="PASS">
          <reporter-output>
          </reporter-output>
        </test-method> <!-- testShoppingCart -->
        <test-method signature="testContactUs()[pri:3, instance:com.luma.tests.HomeTest@75d3a5e0]" started-at="2023-10-09T20:45:19 IST" name="testContactUs" finished-at="2023-10-09T20:45:19 IST" duration-ms="34" status="PASS">
          <reporter-output>
          </reporter-output>
        </test-method> <!-- testContactUs -->
        <test-method signature="testSearchBox()[pri:4, instance:com.luma.tests.HomeTest@75d3a5e0]" started-at="2023-10-09T20:45:19 IST" name="testSearchBox" finished-at="2023-10-09T20:45:19 IST" duration-ms="29" status="PASS">
          <reporter-output>
          </reporter-output>
        </test-method> <!-- testSearchBox -->
        <test-method signature="testSearchBoxValue()[pri:5, instance:com.luma.tests.HomeTest@75d3a5e0]" started-at="2023-10-09T20:45:19 IST" name="testSearchBoxValue" finished-at="2023-10-09T20:45:22 IST" duration-ms="3087" status="PASS">
          <reporter-output>
          </reporter-output>
        </test-method> <!-- testSearchBoxValue -->
        <test-method signature="testMensWatch()[pri:6, instance:com.luma.tests.HomeTest@75d3a5e0]" started-at="2023-10-09T20:45:22 IST" name="testMensWatch" finished-at="2023-10-09T20:45:23 IST" duration-ms="848" status="PASS">
          <reporter-output>
          </reporter-output>
        </test-method> <!-- testMensWatch -->
        <test-method signature="testMensWatchPage()[pri:7, instance:com.luma.tests.HomeTest@75d3a5e0]" started-at="2023-10-09T20:45:23 IST" name="testMensWatchPage" finished-at="2023-10-09T20:45:24 IST" duration-ms="334" status="FAIL">
          <exception class="java.lang.AssertionError">
            <message>
              <![CDATA[expected [true] but found [false]]]>
            </message>
            <full-stacktrace>
              <![CDATA[java.lang.AssertionError: expected [true] but found [false]
at org.testng.Assert.fail(Assert.java:110)
at org.testng.Assert.failNotEquals(Assert.java:1577)
at org.testng.Assert.assertTrue(Assert.java:56)
at org.testng.Assert.assertTrue(Assert.java:66)
at com.luma.tests.HomeTest.testMensWatchPage(HomeTest.java:101)
at java.base/jdk.internal.reflect.NativeMethodAccessorImpl.invoke0(Native Method)
at java.base/jdk.internal.reflect.NativeMethodAccessorImpl.invoke(NativeMethodAccessorImpl.java:77)
at java.base/jdk.internal.reflect.DelegatingMethodAccessorImpl.invoke(DelegatingMethodAccessorImpl.java:43)
at java.base/java.lang.reflect.Method.invoke(Method.java:568)
at org.testng.internal.invokers.MethodInvocationHelper.invokeMethod(MethodInvocationHelper.java:139)
at org.testng.internal.invokers.TestInvoker.invokeMethod(TestInvoker.java:677)
at org.testng.internal.invokers.TestInvoker.invokeTestMethod(TestInvoker.java:221)
at org.testng.internal.invokers.MethodRunner.runInSequence(MethodRunner.java:50)
at org.testng.internal.invokers.TestInvoker$MethodInvocationAgent.invoke(TestInvoker.java:969)
at org.testng.internal.invokers.TestInvoker.invokeTestMethods(TestInvoker.java:194)
at org.testng.internal.invokers.TestMethodWorker.invokeTestMethods(TestMethodWorker.java:148)
at org.testng.internal.invokers.TestMethodWorker.run(TestMethodWorker.java:128)
at java.base/java.util.ArrayList.forEach(ArrayList.java:1511)
at org.testng.TestRunner.privateRun(TestRunner.java:829)
at org.testng.TestRunner.run(TestRunner.java:602)
at org.testng.SuiteRunner.runTest(SuiteRunner.java:437)
at org.testng.SuiteRunner.runSequentially(SuiteRunner.java:431)
at org.testng.SuiteRunner.privateRun(SuiteRunner.java:391)
at org.testng.SuiteRunner.run(SuiteRunner.java:330)
at org.testng.SuiteRunnerWorker.runSuite(SuiteRunnerWorker.java:52)
at org.testng.SuiteRunnerWorker.run(SuiteRunnerWorker.java:95)
at org.testng.TestNG.runSuitesSequentially(TestNG.java:1256)
at org.testng.TestNG.runSuitesLocally(TestNG.java:1176)
at org.testng.TestNG.runSuites(TestNG.java:1099)
at org.testng.TestNG.run(TestNG.java:1067)
at org.testng.remote.AbstractRemoteTestNG.run(AbstractRemoteTestNG.java:115)
at org.testng.remote.RemoteTestNG.initAndRun(RemoteTestNG.java:251)
at org.testng.remote.RemoteTestNG.main(RemoteTestNG.java:77)
]]>
            </full-stacktrace>
          </exception> <!-- java.lang.AssertionError -->
          <reporter-output>
          </reporter-output>
        </test-method> <!-- testMensWatchPage -->
        <test-method is-config="true" signature="tearDown()[pri:0, instance:com.luma.tests.HomeTest@75d3a5e0]" started-at="2023-10-09T20:45:24 IST" name="tearDown" finished-at="2023-10-09T20:45:24 IST" duration-ms="131" status="PASS">
          <reporter-output>
          </reporter-output>
        </test-method> <!-- tearDown -->
      </class> <!-- com.luma.tests.HomeTest -->
    </test> <!-- Default test -->
  </suite> <!-- Default suite -->
</testng-results>
