<?xml version="1.0" encoding="UTF-8"?>
<!-- Generated by org.testng.reporters.JUnitReportReporter -->
<testsuite hostname="LAPTOP-POCHI3TQ" failures="1" tests="20" name="com.luma.tests.WomenTest" time="46.908" errors="0" timestamp="2023-10-13T20:21:53 IST" skipped="0">
  <testcase classname="com.luma.tests.WomenTest" name="testWomen" time="12.035"/>
  <system-out/>
  <testcase classname="com.luma.tests.WomenTest" name="testWomenjacketPage" time="0.025"/>
  <system-out/>
  <testcase classname="com.luma.tests.WomenTest" name="testWomenStyle" time="0.115"/>
  <system-out/>
  <testcase classname="com.luma.tests.WomenTest" name="testWomenLightWeightStyle" time="1.269"/>
  <system-out/>
  <testcase classname="com.luma.tests.WomenTest" name="testWomenjacketLightweightStylePage" time="0.012"/>
  <system-out/>
  <testcase classname="com.luma.tests.WomenTest" name="testWomenPrice" time="0.068"/>
  <system-out/>
  <testcase classname="com.luma.tests.WomenTest" name="testWomenHighPrice" time="1.122"/>
  <system-out/>
  <testcase classname="com.luma.tests.WomenTest" name="testWomenjacketHighPricePage" time="0.082"/>
  <system-out/>
  <testcase classname="com.luma.tests.WomenTest" name="testWomenJacketClimate" time="0.114"/>
  <system-out/>
  <testcase classname="com.luma.tests.WomenTest" name="testWomenJacketSpringClimate" time="20.178"/>
  <system-out/>
  <testcase classname="com.luma.tests.WomenTest" name="testWomenJacketSpringClimatePage" time="0.143">
    <failure message="expected [true] but found [false]" type="java.lang.AssertionError">
      <![CDATA[java.lang.AssertionError: expected [true] but found [false]
at org.testng.Assert.fail(Assert.java:110)
at org.testng.Assert.failNotEquals(Assert.java:1577)
at org.testng.Assert.assertTrue(Assert.java:56)
at org.testng.Assert.assertTrue(Assert.java:66)
at com.luma.tests.WomenTest.testWomenJacketSpringClimatePage(WomenTest.java:149)
at java.base/jdk.internal.reflect.NativeMethodAccessorImpl.invoke0(Native Method)
at java.base/jdk.internal.reflect.NativeMethodAccessorImpl.invoke(NativeMethodAccessorImpl.java:77)
at java.base/jdk.internal.reflect.DelegatingMethodAccessorImpl.invoke(DelegatingMethodAccessorImpl.java:43)
at java.base/java.lang.reflect.Method.invoke(Method.java:568)
at org.testng.internal.invokers.MethodInvocationHelper.invokeMethod(MethodInvocationHelper.java:139)
at org.testng.internal.invokers.TestInvoker.invokeMethod(TestInvoker.java:677)
at org.testng.internal.invokers.TestInvoker.invokeTestMethod(TestInvoker.java:221)
at org.testng.internal.invokers.MethodRunner.runInSequence(MethodRunner.java:50)
at org.testng.internal.invokers.TestInvoker$MethodInvocationAgent.invoke(TestInvoker.java:969)
at org.testng.internal.invokers.TestInvoker.invokeTestMethods(TestInvoker.java:194)
at org.testng.internal.invokers.TestMethodWorker.invokeTestMethods(TestMethodWorker.java:148)
at org.testng.internal.invokers.TestMethodWorker.run(TestMethodWorker.java:128)
at java.base/java.util.ArrayList.forEach(ArrayList.java:1511)
at org.testng.TestRunner.privateRun(TestRunner.java:829)
at org.testng.TestRunner.run(TestRunner.java:602)
at org.testng.SuiteRunner.runTest(SuiteRunner.java:437)
at org.testng.SuiteRunner.runSequentially(SuiteRunner.java:431)
at org.testng.SuiteRunner.privateRun(SuiteRunner.java:391)
at org.testng.SuiteRunner.run(SuiteRunner.java:330)
at org.testng.SuiteRunnerWorker.runSuite(SuiteRunnerWorker.java:52)
at org.testng.SuiteRunnerWorker.run(SuiteRunnerWorker.java:95)
at org.testng.TestNG.runSuitesSequentially(TestNG.java:1256)
at org.testng.TestNG.runSuitesLocally(TestNG.java:1176)
at org.testng.TestNG.runSuites(TestNG.java:1099)
at org.testng.TestNG.run(TestNG.java:1067)
at org.testng.remote.AbstractRemoteTestNG.run(AbstractRemoteTestNG.java:115)
at org.testng.remote.RemoteTestNG.initAndRun(RemoteTestNG.java:251)
at org.testng.remote.RemoteTestNG.main(RemoteTestNG.java:77)
]]>
    </failure>
  </testcase> <!-- testWomenJacketSpringClimatePage -->
  <system-out/>
  <testcase classname="com.luma.tests.WomenTest" name="testWomenTrekJacket" time="7.120"/>
  <system-out/>
  <testcase classname="com.luma.tests.WomenTest" name="testWomenTrekJacketPage" time="0.024"/>
  <system-out/>
  <testcase classname="com.luma.tests.WomenTest" name="testWomenTrekJacketSize" time="0.125"/>
  <system-out/>
  <testcase classname="com.luma.tests.WomenTest" name="testWomenTrekJacketColor" time="0.117"/>
  <system-out/>
  <testcase classname="com.luma.tests.WomenTest" name="testQuantity" time="0.130"/>
  <system-out/>
  <testcase classname="com.luma.tests.WomenTest" name="testAddToCat" time="0.083"/>
  <system-out/>
  <testcase classname="com.luma.tests.WomenTest" name="testAddToCartSucessMessage" time="3.992"/>
  <system-out/>
  <testcase classname="com.luma.tests.WomenTest" name="testShoppingCart" time="0.091"/>
  <system-out/>
  <testcase classname="com.luma.tests.WomenTest" name="testShoppingCartCloseButton" time="0.063"/>
  <system-out/>
</testsuite> <!-- com.luma.tests.WomenTest -->
